[    0.000000] Linux version 4.15.0-212-generic (buildd@lcy02-amd64-083) (gcc version 7.5.0 (Ubuntu 7.5.0-3ubuntu1~18.04)) #223-Ubuntu SMP Tue May 23 13:09:22 UTC 2023 (Ubuntu 4.15.0-212.223-generic 4.15.18)
[    0.000000] Command line: BOOT_IMAGE=/boot/vmlinuz-4.15.0-212-generic root=LABEL=cloudimg-rootfs ro console=tty1 console=ttyS0
[    0.000000] KERNEL supported cpus:
[    0.000000]   Intel GenuineIntel
[    0.000000]   AMD AuthenticAMD
[    0.000000]   Centaur CentaurHauls
[    0.000000] x86/fpu: x87 FPU will use FXSAVE
[    0.000000] e820: BIOS-provided physical RAM map:
[    0.000000] BIOS-e820: [mem 0x0000000000000000-0x000000000009fbff] usable
[    0.000000] BIOS-e820: [mem 0x000000000009fc00-0x000000000009ffff] reserved
[    0.000000] BIOS-e820: [mem 0x00000000000f0000-0x00000000000fffff] reserved
[    0.000000] BIOS-e820: [mem 0x0000000000100000-0x00000000dffeffff] usable
[    0.000000] BIOS-e820: [mem 0x00000000dfff0000-0x00000000dfffffff] ACPI data
[    0.000000] BIOS-e820: [mem 0x00000000fec00000-0x00000000fec00fff] reserved
[    0.000000] BIOS-e820: [mem 0x00000000fee00000-0x00000000fee00fff] reserved
[    0.000000] BIOS-e820: [mem 0x00000000fffc0000-0x00000000ffffffff] reserved
[    0.000000] BIOS-e820: [mem 0x0000000100000000-0x000000011fffffff] usable
[    0.000000] NX (Execute Disable) protection: active
[    0.000000] SMBIOS 2.5 present.
[    0.000000] DMI: innotek GmbH VirtualBox/VirtualBox, BIOS VirtualBox 12/01/2006
[    0.000000] Hypervisor detected: KVM
[    0.000000] e820: last_pfn = 0x120000 max_arch_pfn = 0x400000000
[    0.000000] x86/PAT: Configuration [0-7]: WB  WC  UC- UC  WB  WP  UC- WT  
[    0.000000] CPU MTRRs all blank - virtualized system.
[    0.000000] e820: last_pfn = 0xdfff0 max_arch_pfn = 0x400000000
[    0.000000] found SMP MP-table at [mem 0x0009fbf0-0x0009fbff]
[    0.000000] Scanning 1 areas for low memory corruption
[    0.000000] RAMDISK: [mem 0x359cb000-0x36cdcfff]
[    0.000000] ACPI: Early table checksum verification disabled
[    0.000000] ACPI: RSDP 0x00000000000E0000 000024 (v02 VBOX  )
[    0.000000] ACPI: XSDT 0x00000000DFFF0030 00003C (v01 VBOX   VBOXXSDT 00000001 ASL  00000061)
[    0.000000] ACPI: FACP 0x00000000DFFF00F0 0000F4 (v04 VBOX   VBOXFACP 00000001 ASL  00000061)
[    0.000000] ACPI: DSDT 0x00000000DFFF0610 002353 (v02 VBOX   VBOXBIOS 00000002 INTL 20100528)
[    0.000000] ACPI: FACS 0x00000000DFFF0200 000040
[    0.000000] ACPI: FACS 0x00000000DFFF0200 000040
[    0.000000] ACPI: APIC 0x00000000DFFF0240 00005C (v02 VBOX   VBOXAPIC 00000001 ASL  00000061)
[    0.000000] ACPI: SSDT 0x00000000DFFF02A0 00036C (v01 VBOX   VBOXCPUT 00000002 INTL 20100528)
[    0.000000] ACPI: Reserving FACP table memory at [mem 0xdfff00f0-0xdfff01e3]
[    0.000000] ACPI: Reserving DSDT table memory at [mem 0xdfff0610-0xdfff2962]
[    0.000000] ACPI: Reserving FACS table memory at [mem 0xdfff0200-0xdfff023f]
[    0.000000] ACPI: Reserving FACS table memory at [mem 0xdfff0200-0xdfff023f]
[    0.000000] ACPI: Reserving APIC table memory at [mem 0xdfff0240-0xdfff029b]
[    0.000000] ACPI: Reserving SSDT table memory at [mem 0xdfff02a0-0xdfff060b]
[    0.000000] No NUMA configuration found
[    0.000000] Faking a node at [mem 0x0000000000000000-0x000000011fffffff]
[    0.000000] NODE_DATA(0) allocated [mem 0x11ffd1000-0x11fffbfff]
[    0.000000] kvm-clock: cpu 0, msr 1:1ff50001, primary cpu clock
[    0.000000] kvm-clock: Using msrs 4b564d01 and 4b564d00
[    0.000000] kvm-clock: using sched offset of 7823727767 cycles
[    0.000000] clocksource: kvm-clock: mask: 0xffffffffffffffff max_cycles: 0x1cd42e4dffb, max_idle_ns: 881590591483 ns
[    0.000000] Zone ranges:
[    0.000000]   DMA      [mem 0x0000000000001000-0x0000000000ffffff]
[    0.000000]   DMA32    [mem 0x0000000001000000-0x00000000ffffffff]
[    0.000000]   Normal   [mem 0x0000000100000000-0x000000011fffffff]
[    0.000000]   Device   empty
[    0.000000] Movable zone start for each node
[    0.000000] Early memory node ranges
[    0.000000]   node   0: [mem 0x0000000000001000-0x000000000009efff]
[    0.000000]   node   0: [mem 0x0000000000100000-0x00000000dffeffff]
[    0.000000]   node   0: [mem 0x0000000100000000-0x000000011fffffff]
[    0.000000] Reserved but unavailable: 104 pages
[    0.000000] Initmem setup node 0 [mem 0x0000000000001000-0x000000011fffffff]
[    0.000000] ACPI: PM-Timer IO Port: 0x4008
[    0.000000] IOAPIC[0]: apic_id 2, version 32, address 0xfec00000, GSI 0-23
[    0.000000] ACPI: INT_SRC_OVR (bus 0 bus_irq 0 global_irq 2 dfl dfl)
[    0.000000] ACPI: INT_SRC_OVR (bus 0 bus_irq 9 global_irq 9 low level)
[    0.000000] Using ACPI (MADT) for SMP configuration information
[    0.000000] smpboot: Allowing 2 CPUs, 0 hotplug CPUs
[    0.000000] PM: Registered nosave memory: [mem 0x00000000-0x00000fff]
[    0.000000] PM: Registered nosave memory: [mem 0x0009f000-0x0009ffff]
[    0.000000] PM: Registered nosave memory: [mem 0x000a0000-0x000effff]
[    0.000000] PM: Registered nosave memory: [mem 0x000f0000-0x000fffff]
[    0.000000] PM: Registered nosave memory: [mem 0xdfff0000-0xdfffffff]
[    0.000000] PM: Registered nosave memory: [mem 0xe0000000-0xfebfffff]
[    0.000000] PM: Registered nosave memory: [mem 0xfec00000-0xfec00fff]
[    0.000000] PM: Registered nosave memory: [mem 0xfec01000-0xfedfffff]
[    0.000000] PM: Registered nosave memory: [mem 0xfee00000-0xfee00fff]
[    0.000000] PM: Registered nosave memory: [mem 0xfee01000-0xfffbffff]
[    0.000000] PM: Registered nosave memory: [mem 0xfffc0000-0xffffffff]
[    0.000000] e820: [mem 0xe0000000-0xfebfffff] available for PCI devices
[    0.000000] Booting paravirtualized kernel on KVM
[    0.000000] clocksource: refined-jiffies: mask: 0xffffffff max_cycles: 0xffffffff, max_idle_ns: 7645519600211568 ns
[    0.000000] setup_percpu: NR_CPUS:8192 nr_cpumask_bits:2 nr_cpu_ids:2 nr_node_ids:1
[    0.000000] percpu: Embedded 50 pages/cpu s167936 r8192 d28672 u1048576
[    0.000000] PV qspinlock hash table entries: 256 (order: 0, 4096 bytes)
[    0.000000] Built 1 zonelists, mobility grouping on.  Total pages: 1032057
[    0.000000] Policy zone: Normal
[    0.000000] Kernel command line: BOOT_IMAGE=/boot/vmlinuz-4.15.0-212-generic root=LABEL=cloudimg-rootfs ro console=tty1 console=ttyS0
[    0.000000] Memory: 4013252K/4193848K available (12300K kernel code, 2477K rwdata, 4324K rodata, 2480K init, 2720K bss, 180596K reserved, 0K cma-reserved)
[    0.000000] SLUB: HWalign=64, Order=0-3, MinObjects=0, CPUs=2, Nodes=1
[    0.000000] ftrace: allocating 39508 entries in 155 pages
[    0.004000] Hierarchical RCU implementation.
[    0.004000] 	RCU restricting CPUs from NR_CPUS=8192 to nr_cpu_ids=2.
[    0.004000] 	Tasks RCU enabled.
[    0.004000] RCU: Adjusting geometry for rcu_fanout_leaf=16, nr_cpu_ids=2
[    0.004000] NR_IRQS: 524544, nr_irqs: 440, preallocated irqs: 16
[    0.004000] random: crng init done
[    0.004000] Console: colour VGA+ 80x25
[    0.004000] console [tty1] enabled
[    0.004000] console [ttyS0] enabled
[    0.004000] ACPI: Core revision 20170831
[    0.004000] ACPI: 2 ACPI AML tables successfully acquired and loaded
[    0.004000] APIC: Switch to symmetric I/O mode setup
[    0.004000] ..TIMER: vector=0x30 apic1=0 pin1=2 apic2=-1 pin2=-1
[    0.004019] tsc: Detected 2688.012 MHz processor
[    0.008033] Calibrating delay loop (skipped) preset value.. 5376.02 BogoMIPS (lpj=10752048)
[    0.012026] pid_max: default: 32768 minimum: 301
[    0.016192] Security Framework initialized
[    0.020009] Yama: becoming mindful.
[    0.024433] AppArmor: AppArmor initialized
[    0.061413] Dentry cache hash table entries: 524288 (order: 10, 4194304 bytes)
[    0.094387] Inode-cache hash table entries: 262144 (order: 9, 2097152 bytes)
[    0.097400] Mount-cache hash table entries: 8192 (order: 4, 65536 bytes)
[    0.101323] Mountpoint-cache hash table entries: 8192 (order: 4, 65536 bytes)
[    0.113499] Last level iTLB entries: 4KB 0, 2MB 0, 4MB 0
[    0.116014] Last level dTLB entries: 4KB 0, 2MB 0, 4MB 0, 1GB 0
[    0.120020] Spectre V1 : Mitigation: usercopy/swapgs barriers and __user pointer sanitization
[    0.124018] Spectre V2 : Mitigation: Enhanced IBRS
[    0.128015] Spectre V2 : Spectre v2 / SpectreRSB mitigation: Filling RSB on context switch
[    0.132011] Spectre V2 : Spectre v2 / PBRSB-eIBRS: Retire a single CALL on VMEXIT
[    0.136013] RETBleed: Mitigation: Enhanced IBRS
[    0.140012] Speculative Store Bypass: Vulnerable
[    0.144544] Freeing SMP alternatives memory: 36K
[    0.274326] smpboot: CPU0: 12th Gen Intel(R) Core(TM) i7-1265U (family: 0x6, model: 0x9a, stepping: 0x4)
[    0.278157] Performance Events: unsupported p6 CPU model 154 no PMU driver, software events only.
[    0.281706] Hierarchical SRCU implementation.
[    0.288778] NMI watchdog: Perf event create on CPU 0 failed with -2
[    0.292019] NMI watchdog: Perf NMI watchdog permanently disabled
[    0.297833] smp: Bringing up secondary CPUs ...
[    0.305579] x86: Booting SMP configuration:
[    0.308008] .... node  #0, CPUs:      #1
[    0.004000] kvm-clock: cpu 1, msr 1:1ff50041, secondary cpu clock
[    0.348329] smp: Brought up 1 node, 2 CPUs
[    0.352013] smpboot: Max logical packages: 1
[    0.356027] smpboot: Total of 2 processors activated (10752.04 BogoMIPS)
[    0.368356] devtmpfs: initialized
[    0.372502] x86/mm: Memory block size: 128MB
[    0.384787] evm: security.selinux
[    0.388010] evm: security.SMACK64
[    0.392010] evm: security.SMACK64EXEC
[    0.396013] evm: security.SMACK64TRANSMUTE
[    0.400013] evm: security.SMACK64MMAP
[    0.404013] evm: security.apparmor
[    0.408010] evm: security.ima
[    0.412012] evm: security.capability
[    0.425336] clocksource: jiffies: mask: 0xffffffff max_cycles: 0xffffffff, max_idle_ns: 7645041785100000 ns
[    0.488031] futex hash table entries: 512 (order: 3, 32768 bytes)
[    0.529301] pinctrl core: initialized pinctrl subsystem
[    0.565060] RTC time:  6:59:32, date: 06/30/25
[    0.596941] NET: Registered protocol family 16
[    0.620793] audit: initializing netlink subsys (disabled)
[    0.657504] audit: type=2000 audit(1751266780.481:1): state=initialized audit_enabled=0 res=1
[    0.660030] cpuidle: using governor ladder
[    0.684036] cpuidle: using governor menu
[    0.696092] ACPI: bus type PCI registered
[    0.704010] acpiphp: ACPI Hot Plug PCI Controller Driver version: 0.5
[    0.720881] PCI: Using configuration type 1 for base access
[    0.744166] HugeTLB registered 2.00 MiB page size, pre-allocated 0 pages
[    0.768006] ACPI: Added _OSI(Module Device)
[    0.780005] ACPI: Added _OSI(Processor Device)
[    0.788014] ACPI: Added _OSI(3.0 _SCP Extensions)
[    0.800006] ACPI: Added _OSI(Processor Aggregator Device)
[    0.812019] ACPI: Added _OSI(Linux-Dell-Video)
[    0.836009] ACPI: Added _OSI(Linux-Lenovo-NV-HDMI-Audio)
[    0.860028] ACPI: Added _OSI(Linux-HPI-Hybrid-Graphics)
[    0.889393] ACPI: Executed 1 blocks of module-level executable AML code
[    0.945276] ACPI: Interpreter enabled
[    0.972058] ACPI: (supports S0 S5)
[    0.992014] ACPI: Using IOAPIC for interrupt routing
[    1.021735] PCI: Using host bridge windows from ACPI; if necessary, use "pci=nocrs" and report a bug
[    1.069107] ACPI: Enabled 2 GPEs in block 00 to 07
[    1.148386] ACPI: PCI Root Bridge [PCI0] (domain 0000 [bus 00-ff])
[    1.176038] acpi PNP0A03:00: _OSC: OS supports [ASPM ClockPM Segments MSI]
[    1.210361] acpi PNP0A03:00: _OSC: not requesting OS control; OS requires [ExtendedConfig ASPM ClockPM MSI]
[    1.248047] acpi PNP0A03:00: fail to add MMCONFIG information, can't access extended PCI configuration space under this bridge.
[    1.312311] PCI host bridge to bus 0000:00
[    1.332022] pci_bus 0000:00: root bus resource [io  0x0000-0x0cf7 window]
[    1.364031] pci_bus 0000:00: root bus resource [io  0x0d00-0xffff window]
[    1.400026] pci_bus 0000:00: root bus resource [mem 0x000a0000-0x000bffff window]
[    1.440024] pci_bus 0000:00: root bus resource [mem 0xe0000000-0xfdffffff window]
[    1.480011] pci_bus 0000:00: root bus resource [bus 00-ff]
[    1.537484] pci 0000:00:01.1: legacy IDE quirk: reg 0x10: [io  0x01f0-0x01f7]
[    1.556012] pci 0000:00:01.1: legacy IDE quirk: reg 0x14: [io  0x03f6]
[    1.584020] pci 0000:00:01.1: legacy IDE quirk: reg 0x18: [io  0x0170-0x0177]
[    1.620024] pci 0000:00:01.1: legacy IDE quirk: reg 0x1c: [io  0x0376]
[    1.753023] pci 0000:00:07.0: quirk: [io  0x4000-0x403f] claimed by PIIX4 ACPI
[    1.776074] pci 0000:00:07.0: quirk: [io  0x4100-0x410f] claimed by PIIX4 SMB
[    1.812733] ACPI: PCI Interrupt Link [LNKA] (IRQs 5 9 10 *11)
[    1.830370] ACPI: PCI Interrupt Link [LNKB] (IRQs 5 9 *10 11)
[    1.860998] ACPI: PCI Interrupt Link [LNKC] (IRQs 5 *9 10 11)
[    1.893000] ACPI: PCI Interrupt Link [LNKD] (IRQs 5 9 10 *11)
[    1.922601] SCSI subsystem initialized
[    1.945124] pci 0000:00:02.0: vgaarb: setting as boot VGA device
[    1.948000] pci 0000:00:02.0: vgaarb: VGA device added: decodes=io+mem,owns=io+mem,locks=none
[    2.028036] pci 0000:00:02.0: vgaarb: bridge control possible
[    2.056026] vgaarb: loaded
[    2.072325] ACPI: bus type USB registered
[    2.092212] usbcore: registered new interface driver usbfs
[    2.124069] usbcore: registered new interface driver hub
[    2.156163] usbcore: registered new device driver usb
[    2.185420] EDAC MC: Ver: 3.0.0
[    2.214532] PCI: Using ACPI for IRQ routing
[    2.242151] NetLabel: Initializing
[    2.256015] NetLabel:  domain hash size = 128
[    2.276012] NetLabel:  protocols = UNLABELED CIPSOv4 CALIPSO
[    2.292141] NetLabel:  unlabeled traffic allowed by default
[    2.324053] clocksource: Switched to clocksource kvm-clock
[    2.477009] VFS: Disk quotas dquot_6.6.0
[    2.492288] VFS: Dquot-cache hash table entries: 512 (order 0, 4096 bytes)
[    2.510656] AppArmor: AppArmor Filesystem Enabled
[    2.529438] pnp: PnP ACPI init
[    2.557404] pnp: PnP ACPI: found 3 devices
[    2.600726] clocksource: acpi_pm: mask: 0xffffff max_cycles: 0xffffff, max_idle_ns: 2085701024 ns
[    2.644445] NET: Registered protocol family 2
[    2.677205] IP idents hash table entries: 65536 (order: 7, 524288 bytes)
[    2.715114] TCP established hash table entries: 32768 (order: 6, 262144 bytes)
[    2.758717] TCP bind hash table entries: 32768 (order: 7, 524288 bytes)
[    2.802082] TCP: Hash tables configured (established 32768 bind 32768)
[    2.842971] UDP hash table entries: 2048 (order: 4, 65536 bytes)
[    2.876561] UDP-Lite hash table entries: 2048 (order: 4, 65536 bytes)
[    2.914171] NET: Registered protocol family 1
[    2.944862] pci 0000:00:00.0: Limiting direct PCI/PCI transfers
[    2.980864] pci 0000:00:01.0: Activating ISA DMA hang workarounds
[    3.012867] pci 0000:00:02.0: Video device with shadowed ROM at [mem 0x000c0000-0x000dffff]
[    3.055479] Unpacking initramfs...
[    4.188051] Freeing initrd memory: 19528K
[    4.861759] PCI-DMA: Using software bounce buffering for IO (SWIOTLB)
[    4.896280] software IO TLB: mapped [mem 0xdbff0000-0xdfff0000] (64MB)
[    4.933893] clocksource: tsc: mask: 0xffffffffffffffff max_cycles: 0x26bf01d5274, max_idle_ns: 440795282193 ns
[    4.984054] platform rtc_cmos: registered platform RTC device (no PNP device found)
[    5.022406] Scanning for low memory corruption every 60 seconds
[    5.058477] Initialise system trusted keyrings
[    5.066814] Key type blacklist registered
[    5.083119] workingset: timestamp_bits=36 max_order=20 bucket_order=0
[    5.142621] zbud: loaded
[    5.169940] squashfs: version 4.0 (2009/01/31) Phillip Lougher
[    5.203235] fuse init (API version 7.26)
[    5.347750] Key type asymmetric registered
[    5.371730] Asymmetric key parser 'x509' registered
[    5.396859] Block layer SCSI generic (bsg) driver version 0.4 loaded (major 246)
[    5.435990] io scheduler noop registered
[    5.458577] io scheduler deadline registered
[    5.481196] io scheduler cfq registered (default)
[    5.507927] ACPI: AC Adapter [AC] (on-line)
[    5.519444] input: Power Button as /devices/LNXSYSTM:00/LNXPWRBN:00/input/input0
[    5.553201] ACPI: Power Button [PWRF]
[    5.570518] input: Sleep Button as /devices/LNXSYSTM:00/LNXSLPBN:00/input/input1
[    5.607291] ACPI: Sleep Button [SLPF]
[    5.630565] Serial: 8250/16550 driver, 32 ports, IRQ sharing enabled
[    5.637664] ACPI: Battery Slot [BAT0] (battery present)
[    5.755582] 00:02: ttyS0 at I/O 0x3f8 (irq = 4, base_baud = 115200) is a 16550A
[    5.793789] Linux agpgart interface v0.103
[    5.841922] loop: module loaded
[    5.881662] scsi host0: ata_piix
[    5.905878] scsi host1: ata_piix
[    5.925093] ata1: PATA max UDMA/33 cmd 0x1f0 ctl 0x3f6 bmdma 0xd000 irq 14
[    5.957585] ata2: PATA max UDMA/33 cmd 0x170 ctl 0x376 bmdma 0xd008 irq 15
[    5.970613] tun: Universal TUN/TAP device driver, 1.6
[    5.991583] PPP generic driver version 2.4.2
[    6.018255] ehci_hcd: USB 2.0 'Enhanced' Host Controller (EHCI) Driver
[    6.050879] ehci-pci: EHCI PCI platform driver
[    6.074789] ehci-platform: EHCI generic platform driver
[    6.101157] ohci_hcd: USB 1.1 'Open' Host Controller (OHCI) Driver
[    6.132004] ohci-pci: OHCI PCI platform driver
[    6.155631] ohci-platform: OHCI generic platform driver
[    6.178046] uhci_hcd: USB Universal Host Controller Interface driver
[    6.207871] i8042: PNP: PS/2 Controller [PNP0303:PS2K,PNP0f03:PS2M] at 0x60,0x64 irq 1,12
[    6.325829] serio: i8042 KBD port at 0x60,0x64 irq 1
[    6.351760] serio: i8042 AUX port at 0x60,0x64 irq 12
[    6.381866] mousedev: PS/2 mouse device common for all mice
[    6.427230] input: AT Translated Set 2 keyboard as /devices/platform/i8042/serio0/input/input2
[    6.478172] rtc_cmos rtc_cmos: rtc core: registered rtc_cmos as rtc0
[    6.511494] rtc_cmos rtc_cmos: alarms up to one day, 114 bytes nvram
[    6.542457] i2c /dev entries driver
[    6.546188] device-mapper: uevent: version 1.0.3
[    6.582441] device-mapper: ioctl: 4.37.0-ioctl (2017-09-20) initialised: dm-devel@redhat.com
[    6.611825] ledtrig-cpu: registered to indicate activity on CPUs
[    6.642983] NET: Registered protocol family 10
[    6.708581] Segment Routing with IPv6
[    6.727027] NET: Registered protocol family 17
[    6.751905] Key type dns_resolver registered
[    6.775476] mce: Using 0 MCE banks
[    6.792772] RAS: Correctable Errors collector initialized.
[    6.819249] sched_clock: Marking stable (6818871220, 0)->(12935993733, -6117122513)
[    6.881969] registered taskstats version 1
[    6.901035] Loading compiled-in X.509 certificates
[    6.963773] Loaded X.509 cert 'Build time autogenerated kernel key: b5b26778eaa3ab3a4a6cee031137706e947d12ad'
[    7.013478] Loaded X.509 cert 'Canonical Ltd. Live Patch Signing: 14df34d1a87cf37625abec039ef2bf521249b969'
[    7.062060] Loaded X.509 cert 'Canonical Ltd. Kernel Module Signing: 88f752e560a1e0737e31163a466ad7b70a850c19'
[    7.109765] blacklist: Loading compiled-in revocation X.509 certificates
[    7.141288] Loaded X.509 cert 'Canonical Ltd. Secure Boot Signing: 61482aa2830d0ab2ad5af10b7250da9033ddcef0'
[    7.188572] Loaded X.509 cert 'Canonical Ltd. Secure Boot Signing (2017): 242ade75ac4a15e50d50c84b0d45ff3eae707a03'
[    7.237162] Loaded X.509 cert 'Canonical Ltd. Secure Boot Signing (ESM 2018): 365188c1d374d6b07c3c8f240f8ef722433d6a8b'
[    7.287145] Loaded X.509 cert 'Canonical Ltd. Secure Boot Signing (2019): c0746fd6c5da3ae827864651ad66ae47fe24b3e8'
[    7.337273] Loaded X.509 cert 'Canonical Ltd. Secure Boot Signing (2021 v1): a8d54bbb3825cfb94fa13c9f8a594a195c107b8d'
[    7.385991] Loaded X.509 cert 'Canonical Ltd. Secure Boot Signing (2021 v2): 4cf046892d6fd3c9a5b03f98d845f90851dc6a8c'
[    7.434789] Loaded X.509 cert 'Canonical Ltd. Secure Boot Signing (2021 v3): 100437bb6de6e469b581e61cd66bce3ef4ed53af'
[    7.482136] Loaded X.509 cert 'Canonical Ltd. Secure Boot Signing (Ubuntu Core 2019): c1d57b8f6b743f23ee41f4f7ee292f06eecadfb9'
[    7.535923] zswap: loaded using pool lzo/zbud
[    7.632970] Key type big_key registered
[    7.651609] Key type trusted registered
[    7.686269] Key type encrypted registered
[    7.702891] AppArmor: AppArmor sha1 policy hashing enabled
[    7.724045] ima: No TPM chip found, activating TPM-bypass! (rc=-19)
[    7.741971] ima: Allocated hash algorithm: sha1
[    7.762119] evm: HMAC attrs: 0x1
[    7.781621]   Magic number: 13:332:975
[    7.800046] memory memory22: hash matches
[    7.820905] rtc_cmos rtc_cmos: setting system clock to 2025-06-30 06:59:39 UTC (1751266779)
[    7.861234] BIOS EDD facility v0.16 2004-Jun-25, 0 devices found
[    7.888223] EDD information not available.
[    7.916612] Freeing unused kernel image memory: 2480K
[    7.998499] Write protecting the kernel read-only data: 20480k
[    8.012896] Freeing unused kernel image memory: 2008K
[    8.038970] Freeing unused kernel image memory: 1820K
[    8.075649] x86/mm: Checked W+X mappings: passed, no W+X pages found.
Loading, please wait...
starting version 237
[    8.643237] Fusion MPT base driver 3.04.20
[    8.667988] Copyright (c) 1999-2008 LSI Corporation
[    8.777553] e1000: Intel(R) PRO/1000 Network Driver - version 7.3.21-k8-NAPI
[    8.808373] e1000: Copyright (c) 1999-2006 Intel Corporation.
[    8.910149] SSE version of gcm_enc/dec engaged.
[    8.943715] Fusion MPT SPI Host driver 3.04.20
[    9.090901] input: ImExPS/2 Generic Explorer Mouse as /devices/platform/i8042/serio1/input/input4
[   11.005691] e1000 0000:00:03.0 eth0: (PCI:33MHz:32-bit) 02:3b:7b:b7:3b:2d
[   11.034819] e1000 0000:00:03.0 eth0: Intel(R) PRO/1000 Network Connection
[   11.074643] mptbase: ioc0: Initiating bringup
[   11.248739] ioc0: LSI53C1030 A0: Capabilities={Initiator}
[   11.886026] scsi host2: ioc0: LSI53C1030 A0, FwRev=00000000h, Ports=1, MaxQ=256, IRQ=20
[   12.106552] scsi 2:0:0:0: Direct-Access     VBOX     HARDDISK         1.0  PQ: 0 ANSI: 5
[   12.392366] scsi target2:0:0: Beginning Domain Validation
[   12.452670] scsi target2:0:0: Domain Validation skipping write tests
[   12.459018] scsi target2:0:0: Ending Domain Validation
[   12.465915] scsi target2:0:0: asynchronous
[   12.508744] scsi 2:0:1:0: Direct-Access     VBOX     HARDDISK         1.0  PQ: 0 ANSI: 5
[   12.824546] scsi target2:0:1: Beginning Domain Validation
[   12.885858] scsi target2:0:1: Domain Validation skipping write tests
[   12.915562] scsi target2:0:1: Ending Domain Validation
[   12.940998] scsi target2:0:1: asynchronous
[   13.043682] sd 2:0:0:0: [sda] 83886080 512-byte logical blocks: (42.9 GB/40.0 GiB)
[   13.078289] sd 2:0:0:0: Attached scsi generic sg0 type 0
[   13.104168] sd 2:0:1:0: Attached scsi generic sg1 type 0
[   13.119175] sd 2:0:0:0: [sda] Write Protect is off
[   13.130386] sd 2:0:1:0: [sdb] 20480 512-byte logical blocks: (10.5 MB/10.0 MiB)
[   13.151699] sd 2:0:0:0: [sda] Incomplete mode parameter data
[   13.172545] sd 2:0:0:0: [sda] Assuming drive cache: write through
[   13.202595] sd 2:0:1:0: [sdb] Write Protect is off
[   13.234868] sd 2:0:1:0: [sdb] Incomplete mode parameter data
[   13.261876] sd 2:0:1:0: [sdb] Assuming drive cache: write through
[   13.310264]  sda: sda1
[   13.343060] sd 2:0:1:0: [sdb] Attached SCSI disk
[   13.367689] sd 2:0:0:0: [sda] Attached SCSI disk
[   14.096150] e1000 0000:00:08.0 eth1: (PCI:33MHz:32-bit) 08:00:27:76:17:c0
[   14.129316] e1000 0000:00:08.0 eth1: Intel(R) PRO/1000 Network Connection
[   14.170756] e1000 0000:00:08.0 enp0s8: renamed from eth1
[   14.215340] e1000 0000:00:03.0 enp0s3: renamed from eth0
Begin: Loading essential drivers ... [   18.181603] raid6: sse2x1   gen() 50610 MB/s
[   19.180454] raid6: sse2x1   xor() 60002 MB/s
[   21.207088] raid6: sse2x2   gen() 137765 MB/s
[   23.171096] raid6: sse2x2   xor() 71760 MB/s
[   24.221920] raid6: sse2x4   gen()  8106 MB/s
[   24.285405] raid6: sse2x4   xor()  2292 MB/s
[   24.310578] raid6: using algorithm sse2x2 gen() 137765 MB/s
[   24.351129] raid6: .... xor() 71760 MB/s, rmw enabled
[   24.379604] raid6: using ssse3x2 recovery algorithm
[   24.401985] xor: measuring software checksum speed
[   24.464821]    prefetch64-sse:  4532.000 MB/sec
[   24.525091]    generic_sse:  5187.000 MB/sec
[   24.545039] xor: using function: generic_sse (5187.000 MB/sec)
[   24.582764] async_tx: api initialized (async)
done.
Begin: Running /scripts/init-premount ... done.
Begin: Mounting root file system ... Begin: Running /scripts/local-top ... done.
Begin: Running /scripts/local-premount ... [   24.885819] Btrfs loaded, crc32c=crc32c-intel
Scanning for Btrfs filesystems
done.
Warning: fsck not present, so skipping root file system
[   25.122800] EXT4-fs (sda1): mounted filesystem with ordered data mode. Opts: (null)
done.
Begin: Running /scripts/local-bottom ... done.
Begin: Running /scripts/init-bottom ... done.
[   25.927829] ip_tables: (C) 2000-2006 Netfilter Core Team
[   26.018365] systemd[1]: systemd 237 running in system mode. (+PAM +AUDIT +SELINUX +IMA +APPARMOR +SMACK +SYSVINIT +UTMP +LIBCRYPTSETUP +GCRYPT +GNUTLS +ACL +XZ +LZ4 +SECCOMP +BLKID +ELFUTILS +KMOD -IDN2 +IDN -PCRE2 default-hierarchy=hybrid)
[   26.079412] systemd[1]: Detected virtualization oracle.
[   26.103148] systemd[1]: Detected architecture x86-64.

Welcome to [1mUbuntu 18.04.6 LTS[0m!

[   26.368468] systemd[1]: Set hostname to <ubuntu>.
[   26.430665] systemd[1]: Initializing machine ID from random generator.
[   26.460923] systemd[1]: Installed transient /etc/machine-id file.
[   27.808043] systemd[1]: Started Forward Password Requests to Wall Directory Watch.
[[0;32m  OK  [0m] Started Forward Password Requests to Wall Directory Watch.
[   27.968570] systemd[1]: Created slice System Slice.
[[0;32m  OK  [0m] Created slice System Slice.
[   28.089993] systemd[1]: Listening on Network Service Netlink Socket.
[[0;32m  OK  [0m] Listening on Network Service Netlink Socket.
[   28.131376] systemd[1]: Listening on Journal Audit Socket.
[[0;32m  OK  [0m] Listening on Journal Audit Socket.
[[0;32m  OK  [0m] Listening on LVM2 poll daemon socket.
[[0;32m  OK  [0m] Listening on udev Kernel Socket.
[[0;32m  OK  [0m] Listening on Journal Socket (/dev/log).
[[0;32m  OK  [0m] Listening on fsck to fsckd communication Socket.
[[0;32m  OK  [0m] Created slice system-serial\x2dgetty.slice.
[[0;32m  OK  [0m] Listening on Journal Socket.
         Starting Load Kernel Modules...
         Starting File System Check on Root Device...
         Starting Set the console keyboard layout...
         Mounting Kernel Debug File System...
[[0;32m  OK  [0m] Reached target Mounting snaps.
[[0;32m  OK  [0m] Listening on Device-mapper event daemon FIFOs.
[[0;32m  OK  [0m] Created slice User and Session Slice.
[[0;32m  OK  [0m] Reached target Slices.
[[0;32m  OK  [0m] Listening on LVM2 metadata daemon socket.
[[0;32m  OK  [0m] Listening on /dev/initctl Compatibility Named Pipe.
         Starting Monitoring of LVM2 mirrors…ng dmeventd or progress polling...
         Mounting Huge Pages File System...
[[0;32m  OK  [0m] Listening on Syslog Socket.
[[0;32m  OK  [0m] Set up automount Arbitrary Executab…rmats File System Automount Point.
[   28.447461] Loading iSCSI transport class v2.0-870.
[[0;32m  OK  [0m] Reached target User and Group Name Lookups.
         Starting Journal Service...
         Starting Uncomplicated firewall...
[[0;32m  OK  [0m] Reached target System Time Synchronized.
[[0;32m  OK  [0m] Listening on udev Control Socket.
         Starting udev Coldplug all Devices...
[[0;32m  OK  [0m] Reached target Swap.
         Starting Create list of required st…ce nodes for the current kernel...
         Mounting POSIX Message Queue File System...
[[0;32m  OK  [0m] Reached target Mounted snaps.
[[0;32m  OK  [0m] Started File System Check on Root Device.
[[0;32m  OK  [0m] Mounted Kernel Debug File System.
[[0;32m  OK  [0m] Mounted Huge Pages File System.
[[0;32m  OK  [0m] Started File System Check Daemon to report status.
         Starting Remount Root and Kernel File Systems...
[[0;32m  OK  [0m] Started Uncomplicated firewall.
[[0;32m  OK  [0m] Mounted POSIX Message Queue File System.
[[0;32m  OK  [0m] Started Create list of required sta…vice nodes for the current kernel.
         Starting Create Static Device Nodes in /dev...
[   28.947636] iscsi: registered transport (tcp)
[   29.081799] EXT4-fs (sda1): re-mounted. Opts: (null)
[[0;32m  OK  [0m] Started Remount Root and Kernel File Systems.
         Starting Load/Save Random Seed...
[[0;32m  OK  [0m] Started udev Coldplug all Devices.
[[0;32m  OK  [0m] Started Create Static Device Nodes in /dev.
         Starting udev Kernel Device Manager...
[[0;32m  OK  [0m] Started Load/Save Random Seed.
[[0;32m  OK  [0m] Started Journal Service.
         Starting Flush Journal to Persistent Storage...
[   29.518133] iscsi: registered transport (iser)
[   29.567508] systemd-journald[410]: Received request to flush runtime journal from PID 1
[[0;32m  OK  [0m] Started Load Kernel Modules.
[[0;32m  OK  [0m] Started LVM2 metadata daemon.
         Mounting FUSE Control File System...
         Starting Apply Kernel Variables...
         Mounting Kernel Configuration File System...
[[0;32m  OK  [0m] Mounted FUSE Control File System.
[[0;32m  OK  [0m] Mounted Kernel Configuration File System.
[[0;32m  OK  [0m] Started Flush Journal to Persistent Storage.
[[0;32m  OK  [0m] Started Apply Kernel Variables.
[[0;32m  OK  [0m] Started Monitoring of LVM2 mirrors,…sing dmeventd or progress polling.
[[0;32m  OK  [0m] Started udev Kernel Device Manager.
[[0;32m  OK  [0m] Found device /dev/ttyS0.
[[0;32m  OK  [0m] Listening on Load/Save RF Kill Switch Status /dev/rfkill Watch.
[[0;32m  OK  [0m] Started Set the console keyboard layout.
[[0;32m  OK  [0m] Reached target Local File Systems (Pre).
[[0;32m  OK  [0m] Reached target Local File Systems.
         Starting AppArmor initialization...
         Starting Set console font and keymap...
         Starting Commit a transient machine-id on disk...
         Starting Tell Plymouth To Write Out Runtime Data...
         Starting ebtables ruleset management...
         Starting Create Volatile Files and Directories...
[[0;32m  OK  [0m] Started Dispatch Password Requests to Console Directory Watch.
[[0;32m  OK  [0m] Reached target Local Encrypted Volumes.
[[0;32m  OK  [0m] Started Commit a transient machine-id on disk.
[[0;32m  OK  [0m] Started Tell Plymouth To Write Out Runtime Data.
[[0;32m  OK  [0m] Started Create Volatile Files and Directories.
         Starting Update UTMP about System Boot/Shutdown...
[[0;32m  OK  [0m] Started ebtables ruleset management.
[[0;32m  OK  [0m] Started Update UTMP about System Boot/Shutdown.
         Mounting Arbitrary Executable File Formats File System...
[[0;32m  OK  [0m] Mounted Arbitrary Executable File Formats File System.
[[0;32m  OK  [0m] Started AppArmor initialization.
         Starting Load AppArmor profiles managed internally by snapd...
         Starting Initial cloud-init job (pre-networking)...
[[0;32m  OK  [0m] Started Load AppArmor profiles managed internally by snapd.
[[0;32m  OK  [0m] Started Set console font and keymap.
[   42.958574] cloud-init[775]: Cloud-init v. 23.1.2-0ubuntu0~18.04.1 running 'init-local' at Mon, 30 Jun 2025 07:00:13 +0000. Up 41.74 seconds.
[[0;32m  OK  [0m] Started Initial cloud-init job (pre-networking).
[[0;32m  OK  [0m] Reached target Network (Pre).
         Starting Network Service...
[[0;32m  OK  [0m] Started Network Service.
         Starting Network Name Resolution...
         Starting Wait for Network to be Configured...
[[0;32m  OK  [0m] Started Network Name Resolution.
[[0;32m  OK  [0m] Reached target Network.
[[0;32m  OK  [0m] Reached target Host and Network Name Lookups.
[[0;32m  OK  [0m] Started Wait for Network to be Configured.
         Starting Initial cloud-init job (metadata service crawler)...
[   47.173649] cloud-init[918]: Cloud-init v. 23.1.2-0ubuntu0~18.04.1 running 'init' at Mon, 30 Jun 2025 07:00:18 +0000. Up 46.78 seconds.
[   47.190816] cloud-init[918]: ci-info: ++++++++++++++++++++++++++++++++++++++++++++Net device info++++++++++++++++++++++++++++++++++++++++++++
[   47.207702] cloud-init[918]: ci-info: +--------+-------+---------------------------------------+---------------+--------+-------------------+
[   47.218779] cloud-init[918]: ci-info: | Device |   Up  |                Address                |      Mask     | Scope  |     Hw-Address    |
[   47.231282] cloud-init[918]: ci-info: +--------+-------+---------------------------------------+---------------+--------+-------------------+
[   47.253697] cloud-init[918]: ci-info: | enp0s3 |  True |               10.0.2.15               | 255.255.255.0 | global | 02:3b:7b:b7:3b:2d |
[   47.269228] cloud-init[918]: ci-info: | enp0s3 |  True | fd17:625c:f037:2:3b:7bff:feb7:3b2d/64 |       .       | global | 02:3b:7b:b7:3b:2d |
[   47.285357] cloud-init[918]: ci-info: | enp0s3 |  True |       fe80::3b:7bff:feb7:3b2d/64      |       .       |  link  | 02:3b:7b:b7:3b:2d |
[   47.306587] cloud-init[918]: ci-info: | enp0s8 | False |                   .                   |       .       |   .    | 08:00:27:76:17:c0 |
[   47.327370] cloud-init[918]: ci-info: |   lo   |  True |               127.0.0.1               |   255.0.0.0   |  host  |         .         |
[   47.347946] cloud-init[918]: ci-info: |   lo   |  True |                ::1/128                |       .       |  host  |         .         |
[   47.361557] cloud-init[918]: ci-info: +--------+-------+---------------------------------------+---------------+--------+-------------------+
[   47.379273] cloud-init[918]: ci-info: ++++++++++++++++++++++++++++Route IPv4 info+++++++++++++++++++++++++++++
[   47.397210] cloud-init[918]: ci-info: +-------+-------------+----------+-----------------+-----------+-------+
[   47.413881] cloud-init[918]: ci-info: | Route | Destination | Gateway  |     Genmask     | Interface | Flags |
[   47.430636] cloud-init[918]: ci-info: +-------+-------------+----------+-----------------+-----------+-------+
[   47.453197] cloud-init[918]: ci-info: |   0   |   0.0.0.0   | 10.0.2.2 |     0.0.0.0     |   enp0s3  |   UG  |
[   47.471029] cloud-init[918]: ci-info: |   1   |   10.0.2.0  | 0.0.0.0  |  255.255.255.0  |   enp0s3  |   U   |
[   47.489606] cloud-init[918]: ci-info: |   2   |   10.0.2.2  | 0.0.0.0  | 255.255.255.255 |   enp0s3  |   UH  |
[   47.507412] cloud-init[918]: ci-info: +-------+-------------+----------+-----------------+-----------+-------+
[   47.517471] cloud-init[918]: ci-info: ++++++++++++++++++++++++Route IPv6 info++++++++++++++++++++++++
[   47.530921] cloud-init[918]: ci-info: +-------+-----------------------+---------+-----------+-------+
[   47.552327] cloud-init[918]: ci-info: | Route |      Destination      | Gateway | Interface | Flags |
[   47.574642] cloud-init[918]: ci-info: +-------+-----------------------+---------+-----------+-------+
[   47.588119] cloud-init[918]: ci-info: |   1   | fd17:625c:f037:2::/64 |    ::   |   enp0s3  |   U   |
[   47.598437] cloud-init[918]: ci-info: |   2   |       fe80::/64       |    ::   |   enp0s3  |   U   |
[   47.609637] cloud-init[918]: ci-info: |   3   |          ::/0         | fe80::2 |   enp0s3  |   UG  |
[   47.617910] cloud-init[918]: ci-info: |   5   |         local         |    ::   |   enp0s3  |   U   |
[   47.627405] cloud-init[918]: ci-info: |   6   |        ff00::/8       |    ::   |   enp0s3  |   U   |
[   47.642711] cloud-init[918]: ci-info: +-------+-----------------------+---------+-----------+-------+
[   49.785552] cloud-init[918]: Generating public/private rsa key pair.
[   49.795523] cloud-init[918]: Your identification has been saved in /etc/ssh/ssh_host_rsa_key.
[   49.802806] cloud-init[918]: Your public key has been saved in /etc/ssh/ssh_host_rsa_key.pub.
[   49.815401] cloud-init[918]: The key fingerprint is:
[   49.823846] cloud-init[918]: SHA256:4kl055yCKgffAW+OUfeFSsM4u2LqBYFIJvCsLW/MhzQ root@ubuntu-bionic
[   49.837334] cloud-init[918]: The key's randomart image is:
[   49.844849] cloud-init[918]: +---[RSA 2048]----+
[   49.849353] cloud-init[918]: |+o               |
[   49.856425] cloud-init[918]: |=+     o   .     |
[   49.862003] cloud-init[918]: |o + . = * o .    |
[   49.867639] cloud-init[918]: | o . = B B o     |
[   49.874121] cloud-init[918]: |o E . O S =      |
[   49.881035] cloud-init[918]: | * * X = .       |
[   49.887368] cloud-init[918]: |  B X *          |
[   49.893148] cloud-init[918]: | . B .           |
[   49.901939] cloud-init[918]: | .o              |
[   49.906266] cloud-init[918]: +----[SHA256]-----+
[   49.913311] cloud-init[918]: Generating public/private dsa key pair.
[   49.927854] cloud-init[918]: Your identification has been saved in /etc/ssh/ssh_host_dsa_key.
[   49.952076] cloud-init[918]: Your public key has been saved in /etc/ssh/ssh_host_dsa_key.pub.
[   49.976186] cloud-init[918]: The key fingerprint is:
[   49.989206] cloud-init[918]: SHA256:4GhIlKblPtiRl5t8zYZOwVyvPVRbZLB53HsZ2aAfKIQ root@ubuntu-bionic
[   50.011566] cloud-init[918]: The key's randomart image is:
[[   50.032685] cloud-init[918]: +---[DSA 1024]----+
[   50.033657] cloud-init[918]: |  ..     .. .o+  |
[   50.033785] cloud-init[918]: | .+     E.  .B.oo|
[   50.033822] cloud-init[918]: | =.. +.. ...=o+oo|
[   50.033928] cloud-init[918]: |..+.oo+.  o..o .+|
[   50.033980] cloud-init[918]: | +.+oo.=S+    .o.|
[   50.036485] cloud-init[918]: |. +.+ + = o     .|
[   50.040012] cloud-init[918]: |   . + .   .     |
[   50.044156] cloud-init[918]: |      .          |
[   50.051534] cloud-init[918]: |                 |
[   50.055566] cloud-init[918]: +----[SHA256]-----+
[   50.057341] cloud-init[918]: Generating public/private ecdsa key pair.
[   50.059462] cloud-init[918]: Your identification has been saved in /etc/ssh/ssh_host_ecdsa_key.
[   50.063607] cloud-init[918]: Your public key has been saved in /etc/ssh/ssh_host_ecdsa_key.pub.
[   50.070486] cloud-init[918]: The key fingerprint is:
[   50.072085] cloud-init[918]: SHA256:/YR88zOEeRBJwF3Q5Zj/HeNdzyWPkmNMLwyROM0vZOM root@ubuntu-bionic
[   50.075601] cloud-init[918]: The key's randomart image is:
[   50.079102] cloud-init[918]: +---[ECDSA 256]---+
[   50.083119] cloud-init[918]: |         ..++=...|
[   50.086899] cloud-init[918]: |         +..o..+ |
[   50.091612] cloud-init[918]: |        o O . o .|
[   50.095404] cloud-init[918]: |         B = + . |
[   50.095508] cloud-init[918]: |        S E O +o+|
[   50.095625] cloud-init[918]: |           X B.=X|
[   50.095726] cloud-init[918]: |            X *.B|
[   50.095810] cloud-init[918]: |           . + o |
[   50.095890] cloud-init[918]: |                 |
[   50.095956] cloud-init[918]: +----[SHA256]-----+
[   50.096021] cloud-init[918]: Generating public/private ed25519 key pair.
[   50.096133] cloud-init[918]: Your identification has been saved in /etc/ssh/ssh_host_ed25519_key.
[   50.096255] cloud-init[918]: Your public key has been saved in /etc/ssh/ssh_host_ed25519_key.pub.
[   50.097152] cloud-init[918]: The key fingerprint is:
[   50.097257] cloud-init[918]: SHA256:DfYbyEAodcLqHSo19KmQWOiSnaJzJbItbV0etKUzenM root@ubuntu-bionic
[   50.097369] cloud-init[918]: The key's randomart image is:
[   50.097459] cloud-init[918]: +--[ED25519 256]--+
[   50.097567] cloud-init[918]: | . oo.o          |
[   50.097658] cloud-init[918]: |. + o+. .        |
[   50.099764] cloud-init[918]: |o* = o.+o        |
[   50.103683] cloud-init[918]: |O.B = B+ =       |
[   50.107644] cloud-init[918]: |oX O = +S +      |
[   50.114391] cloud-init[918]: |* O + + E  o     |
[   50.116822] cloud-init[918]: | *   . o  .      |
[   50.118397] cloud-init[918]: |                 |
[   50.122460] cloud-init[918]: |                 |
[   50.126343] cloud-init[918]: +----[SHA256]-----+
[0;32m  OK  [0m] Started Initial cloud-init job (metadata service crawler).
[[0;32m  OK  [0m] Reached target System Initialization.
[[0;32m  OK  [0m] Listening on D-Bus System Message Bus Socket.
[[0;32m  OK  [0m] Listening on UUID daemon activation socket.
         Starting LXD - unix socket.
         Starting Socket activation for snappy daemon.
[[0;32m  OK  [0m] Started Discard unused blocks once a week.
[[0;32m  OK  [0m] Started Ubuntu Advantage Timer for running repeated jobs.
[[0;32m  OK  [0m] Started Daily Cleanup of Temporary Directories.
[[0;32m  OK  [0m] Started Daily apt download activities.
[[0;32m  OK  [0m] Started Daily apt upgrade and clean activities.
[[0;32m  OK  [0m] Listening on cloud-init hotplug hook socket.
[[0;32m  OK  [0m] Started ACPI Events Check.
[[0;32m  OK  [0m] Listening on Open-iSCSI iscsid Socket.
[[0;32m  OK  [0m] Reached target Paths.
[[0;32m  OK  [0m] Listening on ACPID Listen Socket.
[[0;32m  OK  [0m] Started Message of the Day.
[[0;32m  OK  [0m] Reached target Timers.
[[0;32m  OK  [0m] Reached target Cloud-config availability.
[[0;32m  OK  [0m] Reached target Network is Online.
         Starting Availability of block devices...
[[0;32m  OK  [0m] Reached target Remote File Systems (Pre).
[[0;32m  OK  [0m] Reached target Remote File Systems.
[[0;32m  OK  [0m] Listening on LXD - unix socket.
[[0;32m  OK  [0m] Listening on Socket activation for snappy daemon.
[[0;32m  OK  [0m] Started Availability of block devices.
[[0;32m  OK  [0m] Reached target Sockets.
[[0;32m  OK  [0m] Reached target Basic System.
[[0;32m  OK  [0m] Reached target Login Prompts (Pre).
         Starting LXD - container startup/shutdown...
         Starting Virtualbox guest utils...
         Starting System Logging Service...
         Starting Accounts Service...
[[0;32m  OK  [0m] Started Deferred execution scheduler.
[[0;32m  OK  [0m] Started D-Bus System Message Bus.
[[0;32m  OK  [0m] Started Regular background program processing daemon.
         Starting Snap Daemon...
         Starting LSB: Record successful boot for GRUB...
[[0;32m  OK  [0m] Started irqbalance daemon.
         Starting Dispatcher daemon for systemd-networkd...
         Starting Permit User Sessions...
         Starting Pollinate to seed the pseudo random number generator...
         Starting LSB: automatic crash report generation...
         Starting Login Service...
[[0;32m  OK  [0m] Started FUSE filesystem for LXC.
[[0;32m  OK  [0m] Started System Logging Service.
[[0;32m  OK  [0m] Started Permit User Sessions.
         Starting Authorization Manager...
         Starting Hostname Service...
         Starting Hold until boot process finishes up...
         Starting Terminate Plymouth Boot Screen...
[[0;32m  OK  [0m] Started Hold until boot process finishes up.
[[0;32m  OK  [0m] Started LXD - container startup/shutdown.
[[0;32m  OK  [0m] Started LSB: Record successful boot for GRUB.
[[0;32m  OK  [0m] Started Terminate Plymouth Boot Screen.
         Starting Set console scheme...
[[0;32m  OK  [0m] Started Serial Getty on ttyS0.
[[0;32m  OK  [0m] Started Authorization Manager.
[[0;32m  OK  [0m] Started Accounts Service.
[[0;32m  OK  [0m] Started Set console scheme.
[[0;32m  OK  [0m] Created slice system-getty.slice.
[[0;32m  OK  [0m] Started Getty on tty1.
[[0;32m  OK  [0m] Reached target Login Prompts.
[[0;32m  OK  [0m] Started LSB: automatic crash report generation.
[[0;32m  OK  [0m] Started Login Service.
[[0;32m  OK  [0m] Started Unattended Upgrades Shutdown.
[[0;32m  OK  [0m] Started Hostname Service.
[[0;32m  OK  [0m] Started Virtualbox guest utils.
[[0;32m  OK  [0m] Started Dispatcher daemon for systemd-networkd.
[[0;32m  OK  [0m] Started Pollinate to seed the pseudo random number generator.
         Starting OpenBSD Secure Shell server...
[[0;32m  OK  [0m] Started OpenBSD Secure Shell server.
[[0;32m  OK  [0m] Created slice User Slice of vagrant.
         Starting User Manager for UID 1000...
[[0;32m  OK  [0m] Started Session 1 of user vagrant.
[[0;32m  OK  [0m] Started Snap Daemon.
         Starting Wait until snapd is fully seeded...
[[0;32m  OK  [0m] Started User Manager for UID 1000.

Ubuntu 18.04.6 LTS ubuntu-bionic ttyS0

ubuntu-bionic login: [   68.129082] cloud-init[1556]: Cloud-init v. 23.1.2-0ubuntu0~18.04.1 running 'modules:config' at Mon, 30 Jun 2025 07:00:36 +0000. Up 64.96 seconds.
ci-info: no authorized SSH keys fingerprints found for user ubuntu.
<14>Jun 30 07:00:42 cloud-init: #############################################################
<14>Jun 30 07:00:42 cloud-init: -----BEGIN SSH HOST KEY FINGERPRINTS-----
<14>Jun 30 07:00:42 cloud-init: 1024 SHA256:4GhIlKblPtiRl5t8zYZOwVyvPVRbZLB53HsZ2aAfKIQ root@ubuntu-bionic (DSA)
<14>Jun 30 07:00:42 cloud-init: 256 SHA256:/YR88zOEeRBJwF3Q5Zj/HeNdzyWPkmNMLwyROM0vZOM root@ubuntu-bionic (ECDSA)
<14>Jun 30 07:00:42 cloud-init: 256 SHA256:DfYbyEAodcLqHSo19KmQWOiSnaJzJbItbV0etKUzenM root@ubuntu-bionic (ED25519)
<14>Jun 30 07:00:42 cloud-init: 2048 SHA256:4kl055yCKgffAW+OUfeFSsM4u2LqBYFIJvCsLW/MhzQ root@ubuntu-bionic (RSA)
<14>Jun 30 07:00:42 cloud-init: -----END SSH HOST KEY FINGERPRINTS-----
<14>Jun 30 07:00:42 cloud-init: #############################################################
-----BEGIN SSH HOST KEY KEYS-----
ecdsa-sha2-nistp256 AAAAE2VjZHNhLXNoYTItbmlzdHAyNTYAAAAIbmlzdHAyNTYAAABBBIIG4KvBjQcb0zpQAM3TNv1+xyohYRyWUpqdxA4/cLy592hD2z0vdn8WdXrNyIve/rfsWYtv0mqoH5E+PidMqcg= root@ubuntu-bionic
ssh-ed25519 AAAAC3NzaC1lZDI1NTE5AAAAIHmYSaeg9a0VDezy7TURdrKPd/QMPMuevxowvzc82guE root@ubuntu-bionic
ssh-rsa AAAAB3NzaC1yc2EAAAADAQABAAABAQDBCGNS4l3TDm2paxJqYYU+B2hv4EfGwhpNFrN8IBnELGHWZsQ4mqFaWbwtn06OiOHMOYcDnnZWQfbOwB2MUAldz9PwnSZ79pI503pzPgfqa8NAf5Ipr72uKEZyxaBrPilqezupMleci++nY5Q+GIyzyXtLb+86csZylsWU8Q7S3BXo07l/fol43Q3TNsOei253gObxJJHrAv8XLUGNauXbw3RJlhyyS3SGRQQ7OJn8EWUJnQtkUVpxpMkqycPnhtrssK9+iFkaQgr+R8k9g5aqHsp/ttUcARMVX1u5Jcz/RfLV3lVzAqr0Uj7U9snwqeaGru8mC4AgZH3SiZdXp+tV root@ubuntu-bionic
-----END SSH HOST KEY KEYS-----
[   71.258869] cloud-init[1722]: Cloud-init v. 23.1.2-0ubuntu0~18.04.1 running 'modules:final' at Mon, 30 Jun 2025 07:00:41 +0000. Up 70.12 seconds.
[   71.262611] cloud-init[1722]: Cloud-init v. 23.1.2-0ubuntu0~18.04.1 finished at Mon, 30 Jun 2025 07:00:42 +0000. Datasource DataSourceNoCloud [seed=/dev/sdb][dsmode=net].  Up 71.08 seconds
